[debug] [2019-07-11T10:33:57.556Z] ----------------------------------------------------------------------
[debug] [2019-07-11T10:33:57.558Z] Command:       /usr/local/bin/node /usr/local/bin/firebase deploy
[debug] [2019-07-11T10:33:57.558Z] CLI Version:   7.0.2
[debug] [2019-07-11T10:33:57.558Z] Platform:      darwin
[debug] [2019-07-11T10:33:57.558Z] Node Version:  v12.5.0
[debug] [2019-07-11T10:33:57.559Z] Time:          Thu Jul 11 2019 11:33:57 GMT+0100 (GMT+01:00)
[debug] [2019-07-11T10:33:57.559Z] ----------------------------------------------------------------------
[debug] 
[debug] [2019-07-11T10:33:57.567Z] > command requires scopes: ["email","openid","https://www.googleapis.com/auth/cloudplatformprojects.readonly","https://www.googleapis.com/auth/firebase","https://www.googleapis.com/auth/cloud-platform"]
[debug] [2019-07-11T10:33:57.568Z] > authorizing via signed-in user
[debug] [2019-07-11T10:33:57.568Z] [iam] checking project azavista-likedislike for permissions ["firebase.projects.get","firebasehosting.sites.update"]
[debug] [2019-07-11T10:33:57.571Z] >>> HTTP REQUEST POST https://cloudresourcemanager.googleapis.com/v1/projects/azavista-likedislike:testIamPermissions  

[debug] [2019-07-11T10:33:58.328Z] <<< HTTP RESPONSE 200
[debug] [2019-07-11T10:33:58.333Z] >>> HTTP REQUEST GET https://firebase.googleapis.com/v1beta1/projects/azavista-likedislike  
 
[debug] [2019-07-11T10:33:58.907Z] <<< HTTP RESPONSE 200
[info] 
[info] === Deploying to 'azavista-likedislike'...
[info] 
[info] i  deploying hosting
[debug] [2019-07-11T10:33:58.914Z] >>> HTTP REQUEST POST https://firebasehosting.googleapis.com/v1beta1/sites/azavista-likedislike/versions  

[debug] [2019-07-11T10:34:00.028Z] <<< HTTP RESPONSE 200
[info] i  hosting[azavista-likedislike]: beginning deploy...
[info] i  hosting[azavista-likedislike]: found 14 files in build
[debug] [2019-07-11T10:34:00.039Z] [hosting] hash cache [YnVpbGQ] load error: lines is not defined
[debug] [2019-07-11T10:34:00.171Z] [hosting] hash cache [YnVpbGQ] stored for 14 files
[debug] [2019-07-11T10:34:00.171Z] [hosting][hash queue][FINAL]
[debug] [2019-07-11T10:34:00.171Z] >>> HTTP REQUEST POST https://firebasehosting.googleapis.com/v1beta1/sites/azavista-likedislike/versions/f49690a83938b585:populateFiles  
 <request body omitted>
[debug] [2019-07-11T10:34:01.131Z] <<< HTTP RESPONSE 200
[debug] [2019-07-11T10:34:01.139Z] [hosting][populate queue][FINAL]
[debug] [2019-07-11T10:34:01.139Z] [hosting] uploads queued: 6
